[debug] [2024-04-08T05:57:51.098Z] ----------------------------------------------------------------------
[debug] [2024-04-08T05:57:51.100Z] Command:       C:\Program Files\nodejs\node.exe C:\Users\user\AppData\Roaming\npm\node_modules\firebase-tools\lib\bin\firebase.js login
[debug] [2024-04-08T05:57:51.101Z] CLI Version:   13.7.1
[debug] [2024-04-08T05:57:51.101Z] Platform:      win32
[debug] [2024-04-08T05:57:51.101Z] Node Version:  v18.16.0
[debug] [2024-04-08T05:57:51.102Z] Time:          Mon Apr 08 2024 11:27:51 GMT+0530 (India Standard Time)
[debug] [2024-04-08T05:57:51.102Z] ----------------------------------------------------------------------
[debug] 
[debug] [2024-04-08T05:57:51.107Z] >>> [apiv2][query] GET https://firebase-public.firebaseio.com/cli.json [none]
[info] i  Firebase optionally collects CLI and Emulator Suite usage and error reporting information to help improve our products. Data is collected in accordance with Google's privacy policy (https://policies.google.com/privacy) and is not used to identify you.
 
[debug] [2024-04-08T05:57:51.835Z] <<< [apiv2][status] GET https://firebase-public.firebaseio.com/cli.json 200
[debug] [2024-04-08T05:57:51.835Z] <<< [apiv2][body] GET https://firebase-public.firebaseio.com/cli.json {"cloudBuildErrorAfter":1594252800000,"cloudBuildWarnAfter":1590019200000,"defaultNode10After":1594252800000,"minVersion":"3.0.5","node8DeploysDisabledAfter":1613390400000,"node8RuntimeDisabledAfter":1615809600000,"node8WarnAfter":1600128000000}
[info] i  To change your data collection preference at any time, run `firebase logout` and log in again. 
[info] 
[info] Visit this URL on this device to log in:
[info] https://accounts.google.com/o/oauth2/auth?client_id=563584335869-fgrhgmd47bqnekij5i8b5pr03ho849e6.apps.googleusercontent.com&scope=email%20openid%20https%3A%2F%2Fwww.googleapis.com%2Fauth%2Fcloudplatformprojects.readonly%20https%3A%2F%2Fwww.googleapis.com%2Fauth%2Ffirebase%20https%3A%2F%2Fwww.googleapis.com%2Fauth%2Fcloud-platform&response_type=code&state=652643435&redirect_uri=http%3A%2F%2Flocalhost%3A9005
[info] 
[info] Waiting for authentication...
[debug] [2024-04-08T05:58:21.858Z] >>> [apiv2][query] POST https://accounts.google.com/o/oauth2/token [none]
[debug] [2024-04-08T05:58:21.858Z] >>> [apiv2][body] POST https://accounts.google.com/o/oauth2/token [omitted]
[debug] [2024-04-08T05:58:22.240Z] <<< [apiv2][status] POST https://accounts.google.com/o/oauth2/token 200
[debug] [2024-04-08T05:58:22.240Z] <<< [apiv2][body] POST https://accounts.google.com/o/oauth2/token [omitted]
[info] 
[info] +  Success! Logged in as rkrb3112@gmail.com 
[debug] [2024-04-08T05:58:27.479Z] Error: Timed out.
    at Timeout._onTimeout (C:\Users\user\AppData\Roaming\npm\node_modules\firebase-tools\lib\utils.js:258:49)
    at listOnTimeout (node:internal/timers:569:17)
    at process.processTimers (node:internal/timers:512:7)
[error] 
[error] Error: An unexpected error has occurred.
[debug] [2024-04-08T05:58:41.301Z] ----------------------------------------------------------------------
[debug] [2024-04-08T05:58:41.304Z] Command:       C:\Program Files\nodejs\node.exe C:\Users\user\AppData\Roaming\npm\node_modules\firebase-tools\lib\bin\firebase.js init
[debug] [2024-04-08T05:58:41.304Z] CLI Version:   13.7.1
[debug] [2024-04-08T05:58:41.304Z] Platform:      win32
[debug] [2024-04-08T05:58:41.305Z] Node Version:  v18.16.0
[debug] [2024-04-08T05:58:41.305Z] Time:          Mon Apr 08 2024 11:28:41 GMT+0530 (India Standard Time)
[debug] [2024-04-08T05:58:41.305Z] ----------------------------------------------------------------------
[debug] 
[debug] [2024-04-08T05:58:41.312Z] > command requires scopes: ["email","openid","https://www.googleapis.com/auth/cloudplatformprojects.readonly","https://www.googleapis.com/auth/firebase","https://www.googleapis.com/auth/cloud-platform"]
[debug] [2024-04-08T05:58:41.313Z] > authorizing via signed-in user (rkrb3112@gmail.com)
[info] 
     ######## #### ########  ######## ########     ###     ######  ########
     ##        ##  ##     ## ##       ##     ##  ##   ##  ##       ##
     ######    ##  ########  ######   ########  #########  ######  ######
     ##        ##  ##    ##  ##       ##     ## ##     ##       ## ##
     ##       #### ##     ## ######## ########  ##     ##  ######  ########

You're about to initialize a Firebase project in this directory:

  D:\zepskill\react\firebase-social-media

[info] 
=== Project Setup
[info] 
[info] First, let's associate this project directory with a Firebase project.
[info] You can create multiple project aliases by running firebase use --add, 
[info] but for now we'll just set up a default project.
[info] 
[debug] [2024-04-08T06:56:55.955Z] > refreshing access token with scopes: []
[debug] [2024-04-08T06:56:55.960Z] >>> [apiv2][query] POST https://www.googleapis.com/oauth2/v3/token [none]
[debug] [2024-04-08T06:56:55.960Z] >>> [apiv2][body] POST https://www.googleapis.com/oauth2/v3/token [omitted]
[debug] [2024-04-08T06:56:56.168Z] <<< [apiv2][status] POST https://www.googleapis.com/oauth2/v3/token 200
[debug] [2024-04-08T06:56:56.168Z] <<< [apiv2][body] POST https://www.googleapis.com/oauth2/v3/token [omitted]
[debug] [2024-04-08T06:56:56.178Z] >>> [apiv2][query] GET https://firebase.googleapis.com/v1beta1/projects pageSize=100
[debug] [2024-04-08T06:56:56.690Z] <<< [apiv2][status] GET https://firebase.googleapis.com/v1beta1/projects 200
[debug] [2024-04-08T06:56:56.690Z] <<< [apiv2][body] GET https://firebase.googleapis.com/v1beta1/projects [omitted]
[info] i  Using project react-socialmedia-d970d (react-socialmedia) 
[info] 
=== Hosting Setup
[debug] [2024-04-08T06:56:58.571Z] >>> [apiv2][query] GET https://firebase.googleapis.com/v1beta1/projects/react-socialmedia-d970d [none]
[debug] [2024-04-08T06:56:58.925Z] <<< [apiv2][status] GET https://firebase.googleapis.com/v1beta1/projects/react-socialmedia-d970d 200
[debug] [2024-04-08T06:56:58.926Z] <<< [apiv2][body] GET https://firebase.googleapis.com/v1beta1/projects/react-socialmedia-d970d {"projectId":"react-socialmedia-d970d","projectNumber":"1032749168238","displayName":"react-socialmedia","name":"projects/react-socialmedia-d970d","resources":{"hostingSite":"react-socialmedia-d970d"},"state":"ACTIVE","etag":"1_a5c2720c-eb0b-4b78-9620-f17ee05951cb"}
[info] 
[info] Your public directory is the folder (relative to your project directory) that
[info] will contain Hosting assets to be uploaded with firebase deploy. If you
[info] have a build process for your assets, use your build's output directory.
[info] 
[info] +  Wrote public/404.html 
[debug] [2024-04-08T06:58:34.756Z] >>> [apiv2][query] GET https://www.gstatic.com/firebasejs/releases.json [none]
[debug] [2024-04-08T06:58:34.822Z] <<< [apiv2][status] GET https://www.gstatic.com/firebasejs/releases.json 200
[debug] [2024-04-08T06:58:34.822Z] <<< [apiv2][body] GET https://www.gstatic.com/firebasejs/releases.json {"current":{"version":"10.10.0","browserURL":"https://www.gstatic.com/firebasejs/10.10.0/firebase.js","packageURL":"https://www.gstatic.com/firebasejs/10.10.0/firebase.tgz"},"live":{"version":"10.10","browserURL":"https://www.gstatic.com/firebasejs/live/10.10/firebase.js","packageURL":"https://www.gstatic.com/firebasejs/live/10.10/firebase.tgz"},"components":{"analytics":"https://www.gstatic.com/firebasejs/10.10.0/firebase-analytics.js","app":"https://www.gstatic.com/firebasejs/10.10.0/firebase-app.js","app-check":"https://www.gstatic.com/firebasejs/10.10.0/firebase-app-check.js","auth":"https://www.gstatic.com/firebasejs/10.10.0/firebase-auth.js","auth/cordova":"https://www.gstatic.com/firebasejs/10.10.0/firebase-auth/cordova.js","auth/web-extension":"https://www.gstatic.com/firebasejs/10.10.0/firebase-auth/web-extension.js","functions":"https://www.gstatic.com/firebasejs/10.10.0/firebase-functions.js","firestore":"https://www.gstatic.com/firebasejs/10.10.0/firebase-firestore.js","firestore/lite":"https://www.gstatic.com/firebasejs/10.10.0/firebase-firestore/lite.js","installations":"https://www.gstatic.com/firebasejs/10.10.0/firebase-installations.js","storage":"https://www.gstatic.com/firebasejs/10.10.0/firebase-storage.js","performance":"https://www.gstatic.com/firebasejs/10.10.0/firebase-performance.js","remote-config":"https://www.gstatic.com/firebasejs/10.10.0/firebase-remote-config.js","messaging":"https://www.gstatic.com/firebasejs/10.10.0/firebase-messaging.js","messaging/sw":"https://www.gstatic.com/firebasejs/10.10.0/firebase-messaging/sw.js","database":"https://www.gstatic.com/firebasejs/10.10.0/firebase-database.js","firestore.memory":"https://www.gstatic.com/firebasejs/10.10.0/firebase-firestore.memory.js"}}
[info] i  Skipping write of public/index.html 
[info] 
[info] i  Detected a .git folder at D:\zepskill\react\firebase-social-media 
[info] i  Authorizing with GitHub to upload your service account to a GitHub repository's secrets store. 
[info] 
[info] Visit this URL on this device to log in:
[info] https://github.com/login/oauth/authorize?client_id=89cf50f02ac6aaed3484&state=358085608&redirect_uri=http%3A%2F%2Flocalhost%3A9005&scope=read%3Auser%20repo%20public_repo
[info] 
[info] Waiting for authentication...
[debug] [2024-04-08T06:59:11.778Z] >>> [apiv2][query] POST https://github.com/login/oauth/access_token [none]
[debug] [2024-04-08T06:59:11.778Z] >>> [apiv2][body] POST https://github.com/login/oauth/access_token [stream]
[debug] [2024-04-08T06:59:12.169Z] <<< [apiv2][status] POST https://github.com/login/oauth/access_token 200
[debug] [2024-04-08T06:59:12.169Z] <<< [apiv2][body] POST https://github.com/login/oauth/access_token {"access_token":"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","token_type":"bearer","scope":"read:user,repo"}
[debug] [2024-04-08T06:59:12.185Z] >>> [apiv2][query] GET https://api.github.com/user [none]
[debug] [2024-04-08T06:59:12.596Z] <<< [apiv2][status] GET https://api.github.com/user 200
[debug] [2024-04-08T06:59:12.596Z] <<< [apiv2][body] GET https://api.github.com/user {"login":"rkrb3112","id":57681910,"node_id":"MDQ6VXNlcjU3NjgxOTEw","avatar_url":"https://avatars.githubusercontent.com/u/57681910?v=4","gravatar_id":"","url":"https://api.github.com/users/rkrb3112","html_url":"https://github.com/rkrb3112","followers_url":"https://api.github.com/users/rkrb3112/followers","following_url":"https://api.github.com/users/rkrb3112/following{/other_user}","gists_url":"https://api.github.com/users/rkrb3112/gists{/gist_id}","starred_url":"https://api.github.com/users/rkrb3112/starred{/owner}{/repo}","subscriptions_url":"https://api.github.com/users/rkrb3112/subscriptions","organizations_url":"https://api.github.com/users/rkrb3112/orgs","repos_url":"https://api.github.com/users/rkrb3112/repos","events_url":"https://api.github.com/users/rkrb3112/events{/privacy}","received_events_url":"https://api.github.com/users/rkrb3112/received_events","type":"User","site_admin":false,"name":null,"company":null,"blog":"","location":null,"email":null,"hireable":null,"bio":null,"twitter_username":null,"public_repos":24,"public_gists":0,"followers":0,"following":0,"created_at":"2019-11-12T18:10:36Z","updated_at":"2024-04-08T06:59:04Z","private_gists":0,"total_private_repos":1,"owned_private_repos":1,"disk_usage":82690,"collaborators":0,"two_factor_authentication":false,"plan":{"name":"free","space":976562499,"collaborators":0,"private_repos":10000}}
[info] 
[info] +  Success! Logged into GitHub as rkrb3112 
[info] 
[debug] [2024-04-08T07:03:16.165Z] >>> [apiv2][query] GET https://api.github.com/repos//actions/secrets/public-key type=owner
[debug] [2024-04-08T07:03:16.554Z] <<< [apiv2][status] GET https://api.github.com/repos//actions/secrets/public-key 404
[debug] [2024-04-08T07:03:16.554Z] <<< [apiv2][body] GET https://api.github.com/repos//actions/secrets/public-key {"message":"Not Found","documentation_url":"https://docs.github.com/rest"}
[info] 
[info] 
[error] !  The provided authorization cannot be used with this repository. If this repository is in an organization, did you remember to grant access? 
[info] 
[info] i  Action required: Visit this URL to ensure access has been granted to the appropriate organization(s) for the Firebase CLI GitHub OAuth App: 
[info] https://github.com/settings/connections/applications/89cf50f02ac6aaed3484
[info] 
